[2017-09-04 21:38:50.554 GMT     1	INFO   	100000	AssemblyLoader.Client	]	Recursively searching for assemblies in C:\Users\zed\Documents\Visual Studio 2017\Projects\OrleansDemos\ConsoleClientApp\bin\Debug...	
[2017-09-04 21:38:56.729 GMT     1	INFO   	100000	AssemblyLoader.Client	]	User assembly ignored: C:\Users\zed\Documents\Visual Studio 2017\Projects\OrleansDemos\ConsoleClientApp\bin\Debug\InterfacesLib.dll
	* Assembly contains no types assignable from Orleans.Providers.IProvider.	
[2017-09-04 21:38:56.975 GMT     1	INFO   	100000	AssemblyLoader.Client	]	User assembly ignored: C:\Users\zed\Documents\Visual Studio 2017\Projects\OrleansDemos\ConsoleClientApp\bin\Debug\Microsoft.CodeAnalysis.CSharp.dll
	* Assembly contains no types assignable from Orleans.Providers.IProvider.	
[2017-09-04 21:38:57.069 GMT     1	INFO   	100000	AssemblyLoader.Client	]	User assembly ignored: C:\Users\zed\Documents\Visual Studio 2017\Projects\OrleansDemos\ConsoleClientApp\bin\Debug\Microsoft.CodeAnalysis.dll
	* Assembly contains no types assignable from Orleans.Providers.IProvider.	
[2017-09-04 21:38:57.070 GMT     1	INFO   	100000	AssemblyLoader.Client	]	User assembly ignored: C:\Users\zed\Documents\Visual Studio 2017\Projects\OrleansDemos\ConsoleClientApp\bin\Debug\Microsoft.Extensions.DependencyInjection.Abstractions.dll
	* Assembly contains no types assignable from Orleans.Providers.IProvider.	
[2017-09-04 21:38:57.074 GMT     1	INFO   	100000	AssemblyLoader.Client	]	User assembly ignored: C:\Users\zed\Documents\Visual Studio 2017\Projects\OrleansDemos\ConsoleClientApp\bin\Debug\Microsoft.Extensions.DependencyInjection.dll
	* Assembly contains no types assignable from Orleans.Providers.IProvider.	
[2017-09-04 21:38:57.074 GMT     1	INFO   	100000	AssemblyLoader.Client	]	User assembly ignored: C:\Users\zed\Documents\Visual Studio 2017\Projects\OrleansDemos\ConsoleClientApp\bin\Debug\Microsoft.Win32.Primitives.dll
	* Assembly contains no types assignable from Orleans.Providers.IProvider.	
[2017-09-04 21:38:57.098 GMT     1	INFO   	100000	AssemblyLoader.Client	]	User assembly ignored: C:\Users\zed\Documents\Visual Studio 2017\Projects\OrleansDemos\ConsoleClientApp\bin\Debug\Newtonsoft.Json.dll
	* Assembly contains no types assignable from Orleans.Providers.IProvider.	
[2017-09-04 21:38:57.099 GMT     1	INFO   	100000	AssemblyLoader.Client	]	User assembly ignored: C:\Users\zed\Documents\Visual Studio 2017\Projects\OrleansDemos\ConsoleClientApp\bin\Debug\Orleans.dll
	* Assembly filename is excluded.	
[2017-09-04 21:38:57.100 GMT     1	INFO   	100000	AssemblyLoader.Client	]	User assembly ignored: C:\Users\zed\Documents\Visual Studio 2017\Projects\OrleansDemos\ConsoleClientApp\bin\Debug\OrleansCodeGenerator.dll
	* Assembly contains no types assignable from Orleans.Providers.IProvider.	
[2017-09-04 21:38:57.107 GMT     1	INFO   	100000	AssemblyLoader.Client	]	User assembly ignored: C:\Users\zed\Documents\Visual Studio 2017\Projects\OrleansDemos\ConsoleClientApp\bin\Debug\System.AppContext.dll
	* Assembly contains no types assignable from Orleans.Providers.IProvider.	
[2017-09-04 21:38:57.118 GMT     1	INFO   	100000	AssemblyLoader.Client	]	User assembly ignored: C:\Users\zed\Documents\Visual Studio 2017\Projects\OrleansDemos\ConsoleClientApp\bin\Debug\System.Collections.Immutable.dll
	* Assembly contains no types assignable from Orleans.Providers.IProvider.	
[2017-09-04 21:38:57.120 GMT     1	INFO   	100000	AssemblyLoader.Client	]	User assembly ignored: C:\Users\zed\Documents\Visual Studio 2017\Projects\OrleansDemos\ConsoleClientApp\bin\Debug\System.Console.dll
	* Assembly contains no types assignable from Orleans.Providers.IProvider.	
[2017-09-04 21:38:57.122 GMT     1	INFO   	100000	AssemblyLoader.Client	]	User assembly ignored: C:\Users\zed\Documents\Visual Studio 2017\Projects\OrleansDemos\ConsoleClientApp\bin\Debug\System.Diagnostics.DiagnosticSource.dll
	* Assembly contains no types assignable from Orleans.Providers.IProvider.	
[2017-09-04 21:38:57.123 GMT     1	INFO   	100000	AssemblyLoader.Client	]	User assembly ignored: C:\Users\zed\Documents\Visual Studio 2017\Projects\OrleansDemos\ConsoleClientApp\bin\Debug\System.Diagnostics.FileVersionInfo.dll
	* Assembly contains no types assignable from Orleans.Providers.IProvider.	
[2017-09-04 21:38:57.125 GMT     1	INFO   	100000	AssemblyLoader.Client	]	User assembly ignored: C:\Users\zed\Documents\Visual Studio 2017\Projects\OrleansDemos\ConsoleClientApp\bin\Debug\System.Diagnostics.StackTrace.dll
	* Assembly contains no types assignable from Orleans.Providers.IProvider.	
[2017-09-04 21:38:57.126 GMT     1	INFO   	100000	AssemblyLoader.Client	]	User assembly ignored: C:\Users\zed\Documents\Visual Studio 2017\Projects\OrleansDemos\ConsoleClientApp\bin\Debug\System.Diagnostics.Tracing.dll
	* Assembly contains no types assignable from Orleans.Providers.IProvider.	
[2017-09-04 21:38:57.127 GMT     1	INFO   	100000	AssemblyLoader.Client	]	User assembly ignored: C:\Users\zed\Documents\Visual Studio 2017\Projects\OrleansDemos\ConsoleClientApp\bin\Debug\System.Globalization.Calendars.dll
	* Assembly contains no types assignable from Orleans.Providers.IProvider.	
[2017-09-04 21:38:57.130 GMT     1	INFO   	100000	AssemblyLoader.Client	]	User assembly ignored: C:\Users\zed\Documents\Visual Studio 2017\Projects\OrleansDemos\ConsoleClientApp\bin\Debug\System.IO.Compression.dll
	* Assembly contains no types assignable from Orleans.Providers.IProvider.	
[2017-09-04 21:38:57.135 GMT     1	INFO   	100000	AssemblyLoader.Client	]	User assembly ignored: C:\Users\zed\Documents\Visual Studio 2017\Projects\OrleansDemos\ConsoleClientApp\bin\Debug\System.IO.Compression.ZipFile.dll
	* Assembly contains no types assignable from Orleans.Providers.IProvider.	
[2017-09-04 21:38:57.137 GMT     1	INFO   	100000	AssemblyLoader.Client	]	User assembly ignored: C:\Users\zed\Documents\Visual Studio 2017\Projects\OrleansDemos\ConsoleClientApp\bin\Debug\System.IO.dll
	* Assembly contains no types assignable from Orleans.Providers.IProvider.	
[2017-09-04 21:38:57.138 GMT     1	INFO   	100000	AssemblyLoader.Client	]	User assembly ignored: C:\Users\zed\Documents\Visual Studio 2017\Projects\OrleansDemos\ConsoleClientApp\bin\Debug\System.IO.FileSystem.dll
	* Assembly contains no types assignable from Orleans.Providers.IProvider.	
[2017-09-04 21:38:57.139 GMT     1	INFO   	100000	AssemblyLoader.Client	]	User assembly ignored: C:\Users\zed\Documents\Visual Studio 2017\Projects\OrleansDemos\ConsoleClientApp\bin\Debug\System.IO.FileSystem.Primitives.dll
	* Assembly contains no types assignable from Orleans.Providers.IProvider.	
[2017-09-04 21:38:57.147 GMT     1	INFO   	100000	AssemblyLoader.Client	]	User assembly ignored: C:\Users\zed\Documents\Visual Studio 2017\Projects\OrleansDemos\ConsoleClientApp\bin\Debug\System.Net.Http.dll
	* Assembly contains no types assignable from Orleans.Providers.IProvider.	
[2017-09-04 21:38:57.150 GMT     1	INFO   	100000	AssemblyLoader.Client	]	User assembly ignored: C:\Users\zed\Documents\Visual Studio 2017\Projects\OrleansDemos\ConsoleClientApp\bin\Debug\System.Net.Sockets.dll
	* Assembly contains no types assignable from Orleans.Providers.IProvider.	
[2017-09-04 21:38:57.153 GMT     1	INFO   	100000	AssemblyLoader.Client	]	User assembly ignored: C:\Users\zed\Documents\Visual Studio 2017\Projects\OrleansDemos\ConsoleClientApp\bin\Debug\System.Reflection.dll
	* Assembly contains no types assignable from Orleans.Providers.IProvider.	
[2017-09-04 21:38:57.175 GMT     1	INFO   	100000	AssemblyLoader.Client	]	User assembly ignored: C:\Users\zed\Documents\Visual Studio 2017\Projects\OrleansDemos\ConsoleClientApp\bin\Debug\System.Reflection.Metadata.dll
	* Assembly contains no types assignable from Orleans.Providers.IProvider.	
[2017-09-04 21:38:57.178 GMT     1	INFO   	100000	AssemblyLoader.Client	]	User assembly ignored: C:\Users\zed\Documents\Visual Studio 2017\Projects\OrleansDemos\ConsoleClientApp\bin\Debug\System.Runtime.dll
	* Assembly contains no types assignable from Orleans.Providers.IProvider.	
[2017-09-04 21:38:57.179 GMT     1	INFO   	100000	AssemblyLoader.Client	]	User assembly ignored: C:\Users\zed\Documents\Visual Studio 2017\Projects\OrleansDemos\ConsoleClientApp\bin\Debug\System.Runtime.Extensions.dll
	* Assembly contains no types assignable from Orleans.Providers.IProvider.	
[2017-09-04 21:38:57.181 GMT     1	INFO   	100000	AssemblyLoader.Client	]	User assembly ignored: C:\Users\zed\Documents\Visual Studio 2017\Projects\OrleansDemos\ConsoleClientApp\bin\Debug\System.Runtime.InteropServices.dll
	* Assembly contains no types assignable from Orleans.Providers.IProvider.	
[2017-09-04 21:38:57.182 GMT     1	INFO   	100000	AssemblyLoader.Client	]	User assembly ignored: C:\Users\zed\Documents\Visual Studio 2017\Projects\OrleansDemos\ConsoleClientApp\bin\Debug\System.Runtime.InteropServices.RuntimeInformation.dll
	* Assembly contains no types assignable from Orleans.Providers.IProvider.	
[2017-09-04 21:38:57.184 GMT     1	INFO   	100000	AssemblyLoader.Client	]	User assembly ignored: C:\Users\zed\Documents\Visual Studio 2017\Projects\OrleansDemos\ConsoleClientApp\bin\Debug\System.Security.Cryptography.Algorithms.dll
	* Assembly contains no types assignable from Orleans.Providers.IProvider.	
[2017-09-04 21:38:57.186 GMT     1	INFO   	100000	AssemblyLoader.Client	]	User assembly ignored: C:\Users\zed\Documents\Visual Studio 2017\Projects\OrleansDemos\ConsoleClientApp\bin\Debug\System.Security.Cryptography.Encoding.dll
	* Assembly contains no types assignable from Orleans.Providers.IProvider.	
[2017-09-04 21:38:57.188 GMT     1	INFO   	100000	AssemblyLoader.Client	]	User assembly ignored: C:\Users\zed\Documents\Visual Studio 2017\Projects\OrleansDemos\ConsoleClientApp\bin\Debug\System.Security.Cryptography.Primitives.dll
	* Assembly contains no types assignable from Orleans.Providers.IProvider.	
[2017-09-04 21:38:57.190 GMT     1	INFO   	100000	AssemblyLoader.Client	]	User assembly ignored: C:\Users\zed\Documents\Visual Studio 2017\Projects\OrleansDemos\ConsoleClientApp\bin\Debug\System.Security.Cryptography.X509Certificates.dll
	* Assembly contains no types assignable from Orleans.Providers.IProvider.	
[2017-09-04 21:38:57.192 GMT     1	INFO   	100000	AssemblyLoader.Client	]	User assembly ignored: C:\Users\zed\Documents\Visual Studio 2017\Projects\OrleansDemos\ConsoleClientApp\bin\Debug\System.Text.Encoding.CodePages.dll
	* Assembly contains no types assignable from Orleans.Providers.IProvider.	
[2017-09-04 21:38:57.193 GMT     1	INFO   	100000	AssemblyLoader.Client	]	User assembly ignored: C:\Users\zed\Documents\Visual Studio 2017\Projects\OrleansDemos\ConsoleClientApp\bin\Debug\System.Threading.Thread.dll
	* Assembly contains no types assignable from Orleans.Providers.IProvider.	
[2017-09-04 21:38:57.196 GMT     1	INFO   	100000	AssemblyLoader.Client	]	User assembly ignored: C:\Users\zed\Documents\Visual Studio 2017\Projects\OrleansDemos\ConsoleClientApp\bin\Debug\System.ValueTuple.dll
	* Assembly contains no types assignable from Orleans.Providers.IProvider.	
[2017-09-04 21:38:57.200 GMT     1	INFO   	100000	AssemblyLoader.Client	]	User assembly ignored: C:\Users\zed\Documents\Visual Studio 2017\Projects\OrleansDemos\ConsoleClientApp\bin\Debug\System.Xml.ReaderWriter.dll
	* Assembly contains no types assignable from Orleans.Providers.IProvider.	
[2017-09-04 21:38:57.201 GMT     1	INFO   	100000	AssemblyLoader.Client	]	User assembly ignored: C:\Users\zed\Documents\Visual Studio 2017\Projects\OrleansDemos\ConsoleClientApp\bin\Debug\System.Xml.XmlDocument.dll
	* Assembly contains no types assignable from Orleans.Providers.IProvider.	
[2017-09-04 21:38:57.203 GMT     1	INFO   	100000	AssemblyLoader.Client	]	User assembly ignored: C:\Users\zed\Documents\Visual Studio 2017\Projects\OrleansDemos\ConsoleClientApp\bin\Debug\System.Xml.XPath.dll
	* Assembly contains no types assignable from Orleans.Providers.IProvider.	
[2017-09-04 21:38:57.204 GMT     1	INFO   	100000	AssemblyLoader.Client	]	User assembly ignored: C:\Users\zed\Documents\Visual Studio 2017\Projects\OrleansDemos\ConsoleClientApp\bin\Debug\System.Xml.XPath.XDocument.dll
	* Assembly contains no types assignable from Orleans.Providers.IProvider.	
[2017-09-04 21:38:57.205 GMT     1	INFO   	100000	AssemblyLoader.Client	]	Loading assembly C:\Users\zed\Documents\Visual Studio 2017\Projects\OrleansDemos\ConsoleClientApp\bin\Debug\OrleansProviders.dll...	
[2017-09-04 21:38:57.222 GMT     1	INFO   	100000	AssemblyLoader.Client	]	1 assemblies loaded.	
[2017-09-04 21:38:57.305 GMT     1	INFO   	100313	OutsideRuntimeClient	]	---------- Initializing OutsideRuntimeClient on DESKTOP-IH6HMHI at 192.168.2.101 Client Id = *cli/04a405bd ----------	
