[2017-09-04 21:36:37.656 GMT     1	INFO   	100000	AssemblyLoader.Client	]	Recursively searching for assemblies in C:\Users\zed\Documents\Visual Studio 2017\Projects\OrleansDemos\ConsoleClientApp\bin\Debug...	
[2017-09-04 21:36:37.715 GMT     1	INFO   	100000	AssemblyLoader.Client	]	User assembly ignored: C:\Users\zed\Documents\Visual Studio 2017\Projects\OrleansDemos\ConsoleClientApp\bin\Debug\InterfacesLib.dll
	* Assembly contains no types assignable from Orleans.Providers.IProvider.	
[2017-09-04 21:36:37.989 GMT     1	INFO   	100000	AssemblyLoader.Client	]	User assembly ignored: C:\Users\zed\Documents\Visual Studio 2017\Projects\OrleansDemos\ConsoleClientApp\bin\Debug\Microsoft.CodeAnalysis.CSharp.dll
	* Assembly contains no types assignable from Orleans.Providers.IProvider.	
[2017-09-04 21:36:38.087 GMT     1	INFO   	100000	AssemblyLoader.Client	]	User assembly ignored: C:\Users\zed\Documents\Visual Studio 2017\Projects\OrleansDemos\ConsoleClientApp\bin\Debug\Microsoft.CodeAnalysis.dll
	* Assembly contains no types assignable from Orleans.Providers.IProvider.	
[2017-09-04 21:36:38.088 GMT     1	INFO   	100000	AssemblyLoader.Client	]	User assembly ignored: C:\Users\zed\Documents\Visual Studio 2017\Projects\OrleansDemos\ConsoleClientApp\bin\Debug\Microsoft.Extensions.DependencyInjection.Abstractions.dll
	* Assembly contains no types assignable from Orleans.Providers.IProvider.	
[2017-09-04 21:36:38.091 GMT     1	INFO   	100000	AssemblyLoader.Client	]	User assembly ignored: C:\Users\zed\Documents\Visual Studio 2017\Projects\OrleansDemos\ConsoleClientApp\bin\Debug\Microsoft.Extensions.DependencyInjection.dll
	* Assembly contains no types assignable from Orleans.Providers.IProvider.	
[2017-09-04 21:36:38.091 GMT     1	INFO   	100000	AssemblyLoader.Client	]	User assembly ignored: C:\Users\zed\Documents\Visual Studio 2017\Projects\OrleansDemos\ConsoleClientApp\bin\Debug\Microsoft.Win32.Primitives.dll
	* Assembly contains no types assignable from Orleans.Providers.IProvider.	
[2017-09-04 21:36:38.116 GMT     1	INFO   	100000	AssemblyLoader.Client	]	User assembly ignored: C:\Users\zed\Documents\Visual Studio 2017\Projects\OrleansDemos\ConsoleClientApp\bin\Debug\Newtonsoft.Json.dll
	* Assembly contains no types assignable from Orleans.Providers.IProvider.	
[2017-09-04 21:36:38.117 GMT     1	INFO   	100000	AssemblyLoader.Client	]	User assembly ignored: C:\Users\zed\Documents\Visual Studio 2017\Projects\OrleansDemos\ConsoleClientApp\bin\Debug\Orleans.dll
	* Assembly filename is excluded.	
[2017-09-04 21:36:38.118 GMT     1	INFO   	100000	AssemblyLoader.Client	]	User assembly ignored: C:\Users\zed\Documents\Visual Studio 2017\Projects\OrleansDemos\ConsoleClientApp\bin\Debug\OrleansCodeGenerator.dll
	* Assembly contains no types assignable from Orleans.Providers.IProvider.	
[2017-09-04 21:36:38.125 GMT     1	INFO   	100000	AssemblyLoader.Client	]	User assembly ignored: C:\Users\zed\Documents\Visual Studio 2017\Projects\OrleansDemos\ConsoleClientApp\bin\Debug\System.AppContext.dll
	* Assembly contains no types assignable from Orleans.Providers.IProvider.	
[2017-09-04 21:36:38.155 GMT     1	INFO   	100000	AssemblyLoader.Client	]	User assembly ignored: C:\Users\zed\Documents\Visual Studio 2017\Projects\OrleansDemos\ConsoleClientApp\bin\Debug\System.Collections.Immutable.dll
	* Assembly contains no types assignable from Orleans.Providers.IProvider.	
[2017-09-04 21:36:38.158 GMT     1	INFO   	100000	AssemblyLoader.Client	]	User assembly ignored: C:\Users\zed\Documents\Visual Studio 2017\Projects\OrleansDemos\ConsoleClientApp\bin\Debug\System.Console.dll
	* Assembly contains no types assignable from Orleans.Providers.IProvider.	
[2017-09-04 21:36:38.160 GMT     1	INFO   	100000	AssemblyLoader.Client	]	User assembly ignored: C:\Users\zed\Documents\Visual Studio 2017\Projects\OrleansDemos\ConsoleClientApp\bin\Debug\System.Diagnostics.DiagnosticSource.dll
	* Assembly contains no types assignable from Orleans.Providers.IProvider.	
[2017-09-04 21:36:38.162 GMT     1	INFO   	100000	AssemblyLoader.Client	]	User assembly ignored: C:\Users\zed\Documents\Visual Studio 2017\Projects\OrleansDemos\ConsoleClientApp\bin\Debug\System.Diagnostics.FileVersionInfo.dll
	* Assembly contains no types assignable from Orleans.Providers.IProvider.	
[2017-09-04 21:36:38.162 GMT     1	INFO   	100000	AssemblyLoader.Client	]	User assembly ignored: C:\Users\zed\Documents\Visual Studio 2017\Projects\OrleansDemos\ConsoleClientApp\bin\Debug\System.Diagnostics.StackTrace.dll
	* Assembly contains no types assignable from Orleans.Providers.IProvider.	
[2017-09-04 21:36:38.166 GMT     1	INFO   	100000	AssemblyLoader.Client	]	User assembly ignored: C:\Users\zed\Documents\Visual Studio 2017\Projects\OrleansDemos\ConsoleClientApp\bin\Debug\System.Diagnostics.Tracing.dll
	* Assembly contains no types assignable from Orleans.Providers.IProvider.	
[2017-09-04 21:36:38.168 GMT     1	INFO   	100000	AssemblyLoader.Client	]	User assembly ignored: C:\Users\zed\Documents\Visual Studio 2017\Projects\OrleansDemos\ConsoleClientApp\bin\Debug\System.Globalization.Calendars.dll
	* Assembly contains no types assignable from Orleans.Providers.IProvider.	
[2017-09-04 21:36:38.174 GMT     1	INFO   	100000	AssemblyLoader.Client	]	User assembly ignored: C:\Users\zed\Documents\Visual Studio 2017\Projects\OrleansDemos\ConsoleClientApp\bin\Debug\System.IO.Compression.dll
	* Assembly contains no types assignable from Orleans.Providers.IProvider.	
[2017-09-04 21:36:38.178 GMT     1	INFO   	100000	AssemblyLoader.Client	]	User assembly ignored: C:\Users\zed\Documents\Visual Studio 2017\Projects\OrleansDemos\ConsoleClientApp\bin\Debug\System.IO.Compression.ZipFile.dll
	* Assembly contains no types assignable from Orleans.Providers.IProvider.	
[2017-09-04 21:36:38.180 GMT     1	INFO   	100000	AssemblyLoader.Client	]	User assembly ignored: C:\Users\zed\Documents\Visual Studio 2017\Projects\OrleansDemos\ConsoleClientApp\bin\Debug\System.IO.dll
	* Assembly contains no types assignable from Orleans.Providers.IProvider.	
[2017-09-04 21:36:38.181 GMT     1	INFO   	100000	AssemblyLoader.Client	]	User assembly ignored: C:\Users\zed\Documents\Visual Studio 2017\Projects\OrleansDemos\ConsoleClientApp\bin\Debug\System.IO.FileSystem.dll
	* Assembly contains no types assignable from Orleans.Providers.IProvider.	
[2017-09-04 21:36:38.182 GMT     1	INFO   	100000	AssemblyLoader.Client	]	User assembly ignored: C:\Users\zed\Documents\Visual Studio 2017\Projects\OrleansDemos\ConsoleClientApp\bin\Debug\System.IO.FileSystem.Primitives.dll
	* Assembly contains no types assignable from Orleans.Providers.IProvider.	
[2017-09-04 21:36:38.201 GMT     1	INFO   	100000	AssemblyLoader.Client	]	User assembly ignored: C:\Users\zed\Documents\Visual Studio 2017\Projects\OrleansDemos\ConsoleClientApp\bin\Debug\System.Net.Http.dll
	* Assembly contains no types assignable from Orleans.Providers.IProvider.	
[2017-09-04 21:36:38.206 GMT     1	INFO   	100000	AssemblyLoader.Client	]	User assembly ignored: C:\Users\zed\Documents\Visual Studio 2017\Projects\OrleansDemos\ConsoleClientApp\bin\Debug\System.Net.Sockets.dll
	* Assembly contains no types assignable from Orleans.Providers.IProvider.	
[2017-09-04 21:36:38.208 GMT     1	INFO   	100000	AssemblyLoader.Client	]	User assembly ignored: C:\Users\zed\Documents\Visual Studio 2017\Projects\OrleansDemos\ConsoleClientApp\bin\Debug\System.Reflection.dll
	* Assembly contains no types assignable from Orleans.Providers.IProvider.	
[2017-09-04 21:36:38.248 GMT     1	INFO   	100000	AssemblyLoader.Client	]	User assembly ignored: C:\Users\zed\Documents\Visual Studio 2017\Projects\OrleansDemos\ConsoleClientApp\bin\Debug\System.Reflection.Metadata.dll
	* Assembly contains no types assignable from Orleans.Providers.IProvider.	
[2017-09-04 21:36:38.250 GMT     1	INFO   	100000	AssemblyLoader.Client	]	User assembly ignored: C:\Users\zed\Documents\Visual Studio 2017\Projects\OrleansDemos\ConsoleClientApp\bin\Debug\System.Runtime.dll
	* Assembly contains no types assignable from Orleans.Providers.IProvider.	
[2017-09-04 21:36:38.251 GMT     1	INFO   	100000	AssemblyLoader.Client	]	User assembly ignored: C:\Users\zed\Documents\Visual Studio 2017\Projects\OrleansDemos\ConsoleClientApp\bin\Debug\System.Runtime.Extensions.dll
	* Assembly contains no types assignable from Orleans.Providers.IProvider.	
[2017-09-04 21:36:38.254 GMT     1	INFO   	100000	AssemblyLoader.Client	]	User assembly ignored: C:\Users\zed\Documents\Visual Studio 2017\Projects\OrleansDemos\ConsoleClientApp\bin\Debug\System.Runtime.InteropServices.dll
	* Assembly contains no types assignable from Orleans.Providers.IProvider.	
[2017-09-04 21:36:38.257 GMT     1	INFO   	100000	AssemblyLoader.Client	]	User assembly ignored: C:\Users\zed\Documents\Visual Studio 2017\Projects\OrleansDemos\ConsoleClientApp\bin\Debug\System.Runtime.InteropServices.RuntimeInformation.dll
	* Assembly contains no types assignable from Orleans.Providers.IProvider.	
[2017-09-04 21:36:38.261 GMT     1	INFO   	100000	AssemblyLoader.Client	]	User assembly ignored: C:\Users\zed\Documents\Visual Studio 2017\Projects\OrleansDemos\ConsoleClientApp\bin\Debug\System.Security.Cryptography.Algorithms.dll
	* Assembly contains no types assignable from Orleans.Providers.IProvider.	
[2017-09-04 21:36:38.264 GMT     1	INFO   	100000	AssemblyLoader.Client	]	User assembly ignored: C:\Users\zed\Documents\Visual Studio 2017\Projects\OrleansDemos\ConsoleClientApp\bin\Debug\System.Security.Cryptography.Encoding.dll
	* Assembly contains no types assignable from Orleans.Providers.IProvider.	
[2017-09-04 21:36:38.266 GMT     1	INFO   	100000	AssemblyLoader.Client	]	User assembly ignored: C:\Users\zed\Documents\Visual Studio 2017\Projects\OrleansDemos\ConsoleClientApp\bin\Debug\System.Security.Cryptography.Primitives.dll
	* Assembly contains no types assignable from Orleans.Providers.IProvider.	
[2017-09-04 21:36:38.266 GMT     1	INFO   	100000	AssemblyLoader.Client	]	User assembly ignored: C:\Users\zed\Documents\Visual Studio 2017\Projects\OrleansDemos\ConsoleClientApp\bin\Debug\System.Security.Cryptography.X509Certificates.dll
	* Assembly contains no types assignable from Orleans.Providers.IProvider.	
[2017-09-04 21:36:38.275 GMT     1	INFO   	100000	AssemblyLoader.Client	]	User assembly ignored: C:\Users\zed\Documents\Visual Studio 2017\Projects\OrleansDemos\ConsoleClientApp\bin\Debug\System.Text.Encoding.CodePages.dll
	* Assembly contains no types assignable from Orleans.Providers.IProvider.	
[2017-09-04 21:36:38.277 GMT     1	INFO   	100000	AssemblyLoader.Client	]	User assembly ignored: C:\Users\zed\Documents\Visual Studio 2017\Projects\OrleansDemos\ConsoleClientApp\bin\Debug\System.Threading.Thread.dll
	* Assembly contains no types assignable from Orleans.Providers.IProvider.	
[2017-09-04 21:36:38.280 GMT     1	INFO   	100000	AssemblyLoader.Client	]	User assembly ignored: C:\Users\zed\Documents\Visual Studio 2017\Projects\OrleansDemos\ConsoleClientApp\bin\Debug\System.ValueTuple.dll
	* Assembly contains no types assignable from Orleans.Providers.IProvider.	
[2017-09-04 21:36:38.281 GMT     1	INFO   	100000	AssemblyLoader.Client	]	User assembly ignored: C:\Users\zed\Documents\Visual Studio 2017\Projects\OrleansDemos\ConsoleClientApp\bin\Debug\System.Xml.ReaderWriter.dll
	* Assembly contains no types assignable from Orleans.Providers.IProvider.	
[2017-09-04 21:36:38.284 GMT     1	INFO   	100000	AssemblyLoader.Client	]	User assembly ignored: C:\Users\zed\Documents\Visual Studio 2017\Projects\OrleansDemos\ConsoleClientApp\bin\Debug\System.Xml.XmlDocument.dll
	* Assembly contains no types assignable from Orleans.Providers.IProvider.	
[2017-09-04 21:36:38.285 GMT     1	INFO   	100000	AssemblyLoader.Client	]	User assembly ignored: C:\Users\zed\Documents\Visual Studio 2017\Projects\OrleansDemos\ConsoleClientApp\bin\Debug\System.Xml.XPath.dll
	* Assembly contains no types assignable from Orleans.Providers.IProvider.	
[2017-09-04 21:36:38.289 GMT     1	INFO   	100000	AssemblyLoader.Client	]	User assembly ignored: C:\Users\zed\Documents\Visual Studio 2017\Projects\OrleansDemos\ConsoleClientApp\bin\Debug\System.Xml.XPath.XDocument.dll
	* Assembly contains no types assignable from Orleans.Providers.IProvider.	
[2017-09-04 21:36:38.291 GMT     1	INFO   	100000	AssemblyLoader.Client	]	Loading assembly C:\Users\zed\Documents\Visual Studio 2017\Projects\OrleansDemos\ConsoleClientApp\bin\Debug\OrleansProviders.dll...	
[2017-09-04 21:36:38.320 GMT     1	INFO   	100000	AssemblyLoader.Client	]	1 assemblies loaded.	
[2017-09-04 21:36:38.418 GMT     1	INFO   	100313	OutsideRuntimeClient	]	---------- Initializing OutsideRuntimeClient on DESKTOP-IH6HMHI at 192.168.2.101 Client Id = *cli/3ba5a7a9 ----------	
[2017-09-04 21:36:38.436 GMT     1	INFO   	100314	OutsideRuntimeClient	]	---------- Starting OutsideRuntimeClient with runtime Version='1.5.1.0 (Release).' in AppDomain=<AppDomain.Id=1, AppDomain.FriendlyName=ConsoleClientApp.exe> Config= 
 Platform version info:
   Orleans version: 1.5.1.0 (Release).
   .NET version: 4.0.30319.42000
   OS version: Microsoft Windows NT 6.2.9200.0
   App config file: C:\Users\zed\Documents\Visual Studio 2017\Projects\OrleansDemos\ConsoleClientApp\bin\Debug\ConsoleClientApp.exe.Config
   GC Type=Client GCLatencyMode=Interactive
   Host: DESKTOP-IH6HMHI
   Processor Count: 12
Client Configuration:
   Config File Name: 
   Start time: 2017-09-04 21:36:38.430 GMT
   Gateway Provider: Config
   Gateways[1]:
      127.0.0.1:40000
   Preferred Gateway Index: -1
   GatewayListRefreshPeriod: 00:01:00
   Preferred Address Family: InterNetwork
   DNS Host Name: DESKTOP-IH6HMHI
   Client Name: Client
   Tracing: 
     Default Trace Level: Info
     TraceLevelOverrides: None
     Trace to Console: True
     Trace File Name: C:\Users\zed\Documents\Visual Studio 2017\Projects\OrleansDemos\ConsoleClientApp\bin\Debug\Client-2017-09-04-21.36.33.288Z.log
     LargeMessageWarningThreshold: 85000
     PropagateActivityId: False
     BulkMessageLimit: 5
   Statistics: 
     MetricsTableWriteInterval: 00:00:30
     PerfCounterWriteInterval: -00:00:00.0010000
     LogWriteInterval: 00:05:00
     WriteLogStatisticsToTable: True
     StatisticsCollectionLevel: Info
   Messaging:
       Response timeout: 00:00:30
       Maximum resend count: 0
       Resend On Timeout: False
       Maximum Socket Age: 10675199.02:48:05.4775807
       Drop Expired Messages: True
       Client Sender Buckets: 8192
       Buffer Pool Buffer Size: 4096
       Buffer Pool Max Size: 10000
       Buffer Pool Preallocation Size: 250
       Fallback serializer: 
   .NET: 
       .NET thread pool sizes - Min: Worker Threads=12 Completion Port Threads=12
       .NET thread pool sizes - Max: Worker Threads=2047 Completion Port Threads=1000
   Providers:
       No providers configured.
	
[2017-09-04 21:36:38.577 GMT     4	INFO   	101309	Messaging.GatewayManager	]	Found 1 knownGateways from Gateway listProvider [gwy.tcp://127.0.0.1:40000/0]	
[2017-09-04 21:36:38.645 GMT     4	INFO   	100908	Messaging.GatewayConnection/GatewayClientSender_gwy.tcp://127.0.0.1:40000/0	192.168.2.101:0]	Connected to gateway at address gwy.tcp://127.0.0.1:40000/0 on trial 0.	
[2017-09-04 21:36:38.651 GMT    18	INFO   	100000	Messaging.GatewayClientReceiver/gwy.tcp://127.0.0.1:40000/0	192.168.2.101:0]	Starting AsyncAgent Messaging.GatewayClientReceiver/gwy.tcp://127.0.0.1:40000/0 on managed thread 18	
[2017-09-04 21:36:38.651 GMT    17	INFO   	100000	Messaging.GatewayConnection/GatewayClientSender_gwy.tcp://127.0.0.1:40000/0	192.168.2.101:0]	Starting AsyncAgent Messaging.GatewayConnection/GatewayClientSender_gwy.tcp://127.0.0.1:40000/0 on managed thread 17	
[2017-09-04 21:36:38.903 GMT     5	INFO   	100929	OutsideRuntimeClient	192.168.2.101:0]	---------- Started OutsideRuntimeClient with Global Client ID: C192.168.2.101:0:-242256998*cli/3ba5a7a9@aa53bab1, client GUID ID: *cli/3ba5a7a9	
